[0.638s] Invoking command in '/home/acy/ros2_ws/src/my_py_pkg': PYTHONPATH=/home/acy/ros2_ws/build/my_py_pkg/prefix_override:/usr/lib/python3/dist-packages/colcon_core/task/python/colcon_distutils_commands:/home/acy/ros2_ws/install/my_py_pkg/lib/python3.10/site-packages:${PYTHONPATH} /usr/bin/python3 -W ignore:setup.py install is deprecated -W ignore:easy_install command is deprecated setup.py egg_info --egg-base ../../build/my_py_pkg build --build-base /home/acy/ros2_ws/build/my_py_pkg/build install --record /home/acy/ros2_ws/build/my_py_pkg/install.log --single-version-externally-managed install_data
[0.823s] running egg_info
[0.823s] creating ../../build/my_py_pkg/my_py_pkg.egg-info
[0.823s] writing ../../build/my_py_pkg/my_py_pkg.egg-info/PKG-INFO
[0.823s] writing dependency_links to ../../build/my_py_pkg/my_py_pkg.egg-info/dependency_links.txt
[0.823s] writing entry points to ../../build/my_py_pkg/my_py_pkg.egg-info/entry_points.txt
[0.823s] writing requirements to ../../build/my_py_pkg/my_py_pkg.egg-info/requires.txt
[0.823s] writing top-level names to ../../build/my_py_pkg/my_py_pkg.egg-info/top_level.txt
[0.823s] writing manifest file '../../build/my_py_pkg/my_py_pkg.egg-info/SOURCES.txt'
[0.840s] reading manifest file '../../build/my_py_pkg/my_py_pkg.egg-info/SOURCES.txt'
[0.840s] writing manifest file '../../build/my_py_pkg/my_py_pkg.egg-info/SOURCES.txt'
[0.840s] running build
[0.840s] running build_py
[0.840s] creating /home/acy/ros2_ws/build/my_py_pkg/build
[0.840s] creating /home/acy/ros2_ws/build/my_py_pkg/build/lib
[0.841s] creating /home/acy/ros2_ws/build/my_py_pkg/build/lib/my_py_pkg
[0.841s] copying my_py_pkg/__init__.py -> /home/acy/ros2_ws/build/my_py_pkg/build/lib/my_py_pkg
[0.841s] running install
[0.841s] running install_lib
[0.842s] creating /home/acy/ros2_ws/install/my_py_pkg/lib/python3.10/site-packages/my_py_pkg
[0.842s] copying /home/acy/ros2_ws/build/my_py_pkg/build/lib/my_py_pkg/__init__.py -> /home/acy/ros2_ws/install/my_py_pkg/lib/python3.10/site-packages/my_py_pkg
[0.842s] byte-compiling /home/acy/ros2_ws/install/my_py_pkg/lib/python3.10/site-packages/my_py_pkg/__init__.py to __init__.cpython-310.pyc
[0.843s] running install_data
[0.843s] creating /home/acy/ros2_ws/install/my_py_pkg/share/ament_index
[0.848s] creating /home/acy/ros2_ws/install/my_py_pkg/share/ament_index/resource_index
[0.848s] creating /home/acy/ros2_ws/install/my_py_pkg/share/ament_index/resource_index/packages
[0.848s] copying resource/my_py_pkg -> /home/acy/ros2_ws/install/my_py_pkg/share/ament_index/resource_index/packages
[0.848s] copying package.xml -> /home/acy/ros2_ws/install/my_py_pkg/share/my_py_pkg
[0.848s] running install_egg_info
[0.848s] Copying ../../build/my_py_pkg/my_py_pkg.egg-info to /home/acy/ros2_ws/install/my_py_pkg/lib/python3.10/site-packages/my_py_pkg-0.0.0-py3.10.egg-info
[0.848s] running install_scripts
[0.865s] writing list of installed files to '/home/acy/ros2_ws/build/my_py_pkg/install.log'
[0.887s] Invoked command in '/home/acy/ros2_ws/src/my_py_pkg' returned '0': PYTHONPATH=/home/acy/ros2_ws/build/my_py_pkg/prefix_override:/usr/lib/python3/dist-packages/colcon_core/task/python/colcon_distutils_commands:/home/acy/ros2_ws/install/my_py_pkg/lib/python3.10/site-packages:${PYTHONPATH} /usr/bin/python3 -W ignore:setup.py install is deprecated -W ignore:easy_install command is deprecated setup.py egg_info --egg-base ../../build/my_py_pkg build --build-base /home/acy/ros2_ws/build/my_py_pkg/build install --record /home/acy/ros2_ws/build/my_py_pkg/install.log --single-version-externally-managed install_data
