[0.569s] Invoking command in '/home/acy/ros2_ws/src/my_py_pkg': PYTHONPATH=/home/acy/ros2_ws/build/my_py_pkg/prefix_override:/usr/lib/python3/dist-packages/colcon_core/task/python/colcon_distutils_commands:/home/acy/ros2_ws/install/my_py_pkg/lib/python3.10/site-packages:${PYTHONPATH} /usr/bin/python3 -W ignore:setup.py install is deprecated -W ignore:easy_install command is deprecated setup.py egg_info --egg-base ../../build/my_py_pkg build --build-base /home/acy/ros2_ws/build/my_py_pkg/build install --record /home/acy/ros2_ws/build/my_py_pkg/install.log --single-version-externally-managed install_data
[0.762s] running egg_info
[0.762s] writing ../../build/my_py_pkg/my_py_pkg.egg-info/PKG-INFO
[0.762s] writing dependency_links to ../../build/my_py_pkg/my_py_pkg.egg-info/dependency_links.txt
[0.768s] writing entry points to ../../build/my_py_pkg/my_py_pkg.egg-info/entry_points.txt
[0.772s] writing requirements to ../../build/my_py_pkg/my_py_pkg.egg-info/requires.txt
[0.773s] writing top-level names to ../../build/my_py_pkg/my_py_pkg.egg-info/top_level.txt
[0.776s] reading manifest file '../../build/my_py_pkg/my_py_pkg.egg-info/SOURCES.txt'
[0.776s] writing manifest file '../../build/my_py_pkg/my_py_pkg.egg-info/SOURCES.txt'
[0.776s] running build
[0.776s] running build_py
[0.776s] copying my_py_pkg/my_first_node.py -> /home/acy/ros2_ws/build/my_py_pkg/build/lib/my_py_pkg
[0.779s] running install
[0.779s] running install_lib
[0.779s] copying /home/acy/ros2_ws/build/my_py_pkg/build/lib/my_py_pkg/my_first_node.py -> /home/acy/ros2_ws/install/my_py_pkg/lib/python3.10/site-packages/my_py_pkg
[0.779s] byte-compiling /home/acy/ros2_ws/install/my_py_pkg/lib/python3.10/site-packages/my_py_pkg/my_first_node.py to my_first_node.cpython-310.pyc
[0.779s] running install_data
[0.780s] running install_egg_info
[0.788s] removing '/home/acy/ros2_ws/install/my_py_pkg/lib/python3.10/site-packages/my_py_pkg-0.0.0-py3.10.egg-info' (and everything under it)
[0.788s] Copying ../../build/my_py_pkg/my_py_pkg.egg-info to /home/acy/ros2_ws/install/my_py_pkg/lib/python3.10/site-packages/my_py_pkg-0.0.0-py3.10.egg-info
[0.788s] running install_scripts
[0.801s] Installing py_node script to /home/acy/ros2_ws/install/my_py_pkg/lib/my_py_pkg
[0.801s] writing list of installed files to '/home/acy/ros2_ws/build/my_py_pkg/install.log'
[0.820s] Invoked command in '/home/acy/ros2_ws/src/my_py_pkg' returned '0': PYTHONPATH=/home/acy/ros2_ws/build/my_py_pkg/prefix_override:/usr/lib/python3/dist-packages/colcon_core/task/python/colcon_distutils_commands:/home/acy/ros2_ws/install/my_py_pkg/lib/python3.10/site-packages:${PYTHONPATH} /usr/bin/python3 -W ignore:setup.py install is deprecated -W ignore:easy_install command is deprecated setup.py egg_info --egg-base ../../build/my_py_pkg build --build-base /home/acy/ros2_ws/build/my_py_pkg/build install --record /home/acy/ros2_ws/build/my_py_pkg/install.log --single-version-externally-managed install_data
