[0.017s] Invoking command in '/home/acy/ros2_ws/build/my_cpp_pkg': CMAKE_PREFIX_PATH=/home/acy/ros2_ws/install/my_py_pkg:/opt/ros/humble /usr/bin/cmake /home/acy/ros2_ws/src/my_cpp_pkg -DCMAKE_INSTALL_PREFIX=/home/acy/ros2_ws/install/my_cpp_pkg
[0.255s] -- The C compiler identification is GNU 11.4.0
[0.385s] -- The CXX compiler identification is GNU 11.4.0
[0.407s] -- Detecting C compiler ABI info
[0.505s] -- Detecting C compiler ABI info - done
[0.507s] -- Check for working C compiler: /usr/bin/cc - skipped
[0.510s] -- Detecting C compile features
[0.512s] -- Detecting C compile features - done
[0.517s] -- Detecting CXX compiler ABI info
[0.615s] -- Detecting CXX compiler ABI info - done
[0.621s] -- Check for working CXX compiler: /usr/bin/c++ - skipped
[0.622s] -- Detecting CXX compile features
[0.622s] -- Detecting CXX compile features - done
[0.625s] -- Found ament_cmake: 1.3.11 (/opt/ros/humble/share/ament_cmake/cmake)
[0.804s] -- Found Python3: /usr/bin/python3 (found version "3.10.12") found components: Interpreter 
[0.936s] -- Found rclcpp: 16.0.11 (/opt/ros/humble/share/rclcpp/cmake)
[1.028s] -- Found rosidl_generator_c: 3.1.6 (/opt/ros/humble/share/rosidl_generator_c/cmake)
[1.039s] -- Found rosidl_adapter: 3.1.6 (/opt/ros/humble/share/rosidl_adapter/cmake)
[1.067s] -- Found rosidl_generator_cpp: 3.1.6 (/opt/ros/humble/share/rosidl_generator_cpp/cmake)
[1.093s] -- Using all available rosidl_typesupport_c: rosidl_typesupport_fastrtps_c;rosidl_typesupport_introspection_c
[1.120s] -- Using all available rosidl_typesupport_cpp: rosidl_typesupport_fastrtps_cpp;rosidl_typesupport_introspection_cpp
[1.206s] -- Found rmw_implementation_cmake: 6.1.2 (/opt/ros/humble/share/rmw_implementation_cmake/cmake)
[1.211s] -- Found rmw_fastrtps_cpp: 6.2.7 (/opt/ros/humble/share/rmw_fastrtps_cpp/cmake)
[1.312s] -- Found OpenSSL: /usr/lib/x86_64-linux-gnu/libcrypto.so (found version "3.0.2")  
[1.333s] -- Found FastRTPS: /opt/ros/humble/include  
[1.379s] -- Using RMW implementation 'rmw_fastrtps_cpp' as default
[1.404s] -- Looking for pthread.h
[1.516s] -- Looking for pthread.h - found
[1.516s] -- Performing Test CMAKE_HAVE_LIBC_PTHREAD
[1.605s] -- Performing Test CMAKE_HAVE_LIBC_PTHREAD - Success
[1.606s] -- Found Threads: TRUE  
[1.703s] -- Found ament_lint_auto: 0.12.11 (/opt/ros/humble/share/ament_lint_auto/cmake)
[1.784s] -- Added test 'lint_cmake' to check CMake code style
[1.784s] -- Added test 'xmllint' to check XML markup files
[1.787s] -- Configuring done
[1.790s] -- Generating done
[1.792s] -- Build files have been written to: /home/acy/ros2_ws/build/my_cpp_pkg
[1.799s] Invoked command in '/home/acy/ros2_ws/build/my_cpp_pkg' returned '0': CMAKE_PREFIX_PATH=/home/acy/ros2_ws/install/my_py_pkg:/opt/ros/humble /usr/bin/cmake /home/acy/ros2_ws/src/my_cpp_pkg -DCMAKE_INSTALL_PREFIX=/home/acy/ros2_ws/install/my_cpp_pkg
[1.801s] Invoking command in '/home/acy/ros2_ws/build/my_cpp_pkg': CMAKE_PREFIX_PATH=/home/acy/ros2_ws/install/my_py_pkg:/opt/ros/humble /usr/bin/cmake --build /home/acy/ros2_ws/build/my_cpp_pkg -- -j2 -l2
[1.844s] Invoked command in '/home/acy/ros2_ws/build/my_cpp_pkg' returned '0': CMAKE_PREFIX_PATH=/home/acy/ros2_ws/install/my_py_pkg:/opt/ros/humble /usr/bin/cmake --build /home/acy/ros2_ws/build/my_cpp_pkg -- -j2 -l2
[1.853s] Invoking command in '/home/acy/ros2_ws/build/my_cpp_pkg': CMAKE_PREFIX_PATH=/home/acy/ros2_ws/install/my_py_pkg:/opt/ros/humble /usr/bin/cmake --install /home/acy/ros2_ws/build/my_cpp_pkg
[1.867s] -- Install configuration: ""
[1.877s] -- Installing: /home/acy/ros2_ws/install/my_cpp_pkg/share/ament_index/resource_index/package_run_dependencies/my_cpp_pkg
[1.877s] -- Installing: /home/acy/ros2_ws/install/my_cpp_pkg/share/ament_index/resource_index/parent_prefix_path/my_cpp_pkg
[1.878s] -- Installing: /home/acy/ros2_ws/install/my_cpp_pkg/share/my_cpp_pkg/environment/ament_prefix_path.sh
[1.878s] -- Installing: /home/acy/ros2_ws/install/my_cpp_pkg/share/my_cpp_pkg/environment/ament_prefix_path.dsv
[1.878s] -- Installing: /home/acy/ros2_ws/install/my_cpp_pkg/share/my_cpp_pkg/environment/path.sh
[1.879s] -- Installing: /home/acy/ros2_ws/install/my_cpp_pkg/share/my_cpp_pkg/environment/path.dsv
[1.880s] -- Installing: /home/acy/ros2_ws/install/my_cpp_pkg/share/my_cpp_pkg/local_setup.bash
[1.880s] -- Installing: /home/acy/ros2_ws/install/my_cpp_pkg/share/my_cpp_pkg/local_setup.sh
[1.880s] -- Installing: /home/acy/ros2_ws/install/my_cpp_pkg/share/my_cpp_pkg/local_setup.zsh
[1.881s] -- Installing: /home/acy/ros2_ws/install/my_cpp_pkg/share/my_cpp_pkg/local_setup.dsv
[1.881s] -- Installing: /home/acy/ros2_ws/install/my_cpp_pkg/share/my_cpp_pkg/package.dsv
[1.881s] -- Installing: /home/acy/ros2_ws/install/my_cpp_pkg/share/ament_index/resource_index/packages/my_cpp_pkg
[1.881s] -- Installing: /home/acy/ros2_ws/install/my_cpp_pkg/share/my_cpp_pkg/cmake/my_cpp_pkgConfig.cmake
[1.882s] -- Installing: /home/acy/ros2_ws/install/my_cpp_pkg/share/my_cpp_pkg/cmake/my_cpp_pkgConfig-version.cmake
[1.882s] -- Installing: /home/acy/ros2_ws/install/my_cpp_pkg/share/my_cpp_pkg/package.xml
[1.883s] Invoked command in '/home/acy/ros2_ws/build/my_cpp_pkg' returned '0': CMAKE_PREFIX_PATH=/home/acy/ros2_ws/install/my_py_pkg:/opt/ros/humble /usr/bin/cmake --install /home/acy/ros2_ws/build/my_cpp_pkg
