[0.021s] Invoking command in '/home/acy/ros2_ws/build/my_cpp_pkg': CMAKE_PREFIX_PATH=${CMAKE_PREFIX_PATH}:/home/acy/ros2_ws/install/my_py_pkg:/opt/ros/humble /usr/bin/cmake --build /home/acy/ros2_ws/build/my_cpp_pkg -- -j2 -l2
[0.062s] -- Found ament_cmake: 1.3.11 (/opt/ros/humble/share/ament_cmake/cmake)
[0.184s] -- Found rclcpp: 16.0.11 (/opt/ros/humble/share/rclcpp/cmake)
[0.208s] -- Found rosidl_generator_c: 3.1.6 (/opt/ros/humble/share/rosidl_generator_c/cmake)
[0.212s] -- Found rosidl_adapter: 3.1.6 (/opt/ros/humble/share/rosidl_adapter/cmake)
[0.216s] -- Found rosidl_generator_cpp: 3.1.6 (/opt/ros/humble/share/rosidl_generator_cpp/cmake)
[0.225s] -- Using all available rosidl_typesupport_c: rosidl_typesupport_fastrtps_c;rosidl_typesupport_introspection_c
[0.239s] -- Using all available rosidl_typesupport_cpp: rosidl_typesupport_fastrtps_cpp;rosidl_typesupport_introspection_cpp
[0.278s] -- Found rmw_implementation_cmake: 6.1.2 (/opt/ros/humble/share/rmw_implementation_cmake/cmake)
[0.281s] -- Found rmw_fastrtps_cpp: 6.2.7 (/opt/ros/humble/share/rmw_fastrtps_cpp/cmake)
[0.394s] -- Using RMW implementation 'rmw_fastrtps_cpp' as default
[0.510s] -- Configuring done
[0.521s] -- Generating done
[0.524s] -- Build files have been written to: /home/acy/ros2_ws/build/my_cpp_pkg
[0.572s] [ 50%] [32mBuilding CXX object CMakeFiles/cpp_node.dir/src/my_first_node.cpp.o[0m
[3.440s] [100%] [32m[1mLinking CXX executable cpp_node[0m
[3.575s] [100%] Built target cpp_node
[3.591s] Invoked command in '/home/acy/ros2_ws/build/my_cpp_pkg' returned '0': CMAKE_PREFIX_PATH=${CMAKE_PREFIX_PATH}:/home/acy/ros2_ws/install/my_py_pkg:/opt/ros/humble /usr/bin/cmake --build /home/acy/ros2_ws/build/my_cpp_pkg -- -j2 -l2
[3.602s] Invoking command in '/home/acy/ros2_ws/build/my_cpp_pkg': CMAKE_PREFIX_PATH=${CMAKE_PREFIX_PATH}:/home/acy/ros2_ws/install/my_py_pkg:/opt/ros/humble /usr/bin/cmake --install /home/acy/ros2_ws/build/my_cpp_pkg
[3.609s] -- Install configuration: ""
[3.610s] -- Installing: /home/acy/ros2_ws/install/my_cpp_pkg/lib/my_cpp_pkg/cpp_node
[3.610s] -- Set runtime path of "/home/acy/ros2_ws/install/my_cpp_pkg/lib/my_cpp_pkg/cpp_node" to ""
[3.611s] -- Up-to-date: /home/acy/ros2_ws/install/my_cpp_pkg/share/ament_index/resource_index/package_run_dependencies/my_cpp_pkg
[3.611s] -- Installing: /home/acy/ros2_ws/install/my_cpp_pkg/share/ament_index/resource_index/parent_prefix_path/my_cpp_pkg
[3.611s] -- Up-to-date: /home/acy/ros2_ws/install/my_cpp_pkg/share/my_cpp_pkg/environment/ament_prefix_path.sh
[3.611s] -- Installing: /home/acy/ros2_ws/install/my_cpp_pkg/share/my_cpp_pkg/environment/ament_prefix_path.dsv
[3.612s] -- Up-to-date: /home/acy/ros2_ws/install/my_cpp_pkg/share/my_cpp_pkg/environment/path.sh
[3.614s] -- Installing: /home/acy/ros2_ws/install/my_cpp_pkg/share/my_cpp_pkg/environment/path.dsv
[3.614s] -- Up-to-date: /home/acy/ros2_ws/install/my_cpp_pkg/share/my_cpp_pkg/local_setup.bash
[3.614s] -- Up-to-date: /home/acy/ros2_ws/install/my_cpp_pkg/share/my_cpp_pkg/local_setup.sh
[3.614s] -- Up-to-date: /home/acy/ros2_ws/install/my_cpp_pkg/share/my_cpp_pkg/local_setup.zsh
[3.614s] -- Installing: /home/acy/ros2_ws/install/my_cpp_pkg/share/my_cpp_pkg/local_setup.dsv
[3.614s] -- Installing: /home/acy/ros2_ws/install/my_cpp_pkg/share/my_cpp_pkg/package.dsv
[3.614s] -- Up-to-date: /home/acy/ros2_ws/install/my_cpp_pkg/share/ament_index/resource_index/packages/my_cpp_pkg
[3.614s] -- Up-to-date: /home/acy/ros2_ws/install/my_cpp_pkg/share/my_cpp_pkg/cmake/my_cpp_pkgConfig.cmake
[3.614s] -- Up-to-date: /home/acy/ros2_ws/install/my_cpp_pkg/share/my_cpp_pkg/cmake/my_cpp_pkgConfig-version.cmake
[3.614s] -- Up-to-date: /home/acy/ros2_ws/install/my_cpp_pkg/share/my_cpp_pkg/package.xml
[3.620s] Invoked command in '/home/acy/ros2_ws/build/my_cpp_pkg' returned '0': CMAKE_PREFIX_PATH=${CMAKE_PREFIX_PATH}:/home/acy/ros2_ws/install/my_py_pkg:/opt/ros/humble /usr/bin/cmake --install /home/acy/ros2_ws/build/my_cpp_pkg
