[0.019s] Invoking command in '/home/acy/ros2_ws/build/my_cpp_pkg': CMAKE_PREFIX_PATH=${CMAKE_PREFIX_PATH}:/home/acy/ros2_ws/install/my_py_pkg:/opt/ros/humble /usr/bin/cmake --build /home/acy/ros2_ws/build/my_cpp_pkg -- -j2 -l2
[0.042s] -- Found ament_cmake: 1.3.11 (/opt/ros/humble/share/ament_cmake/cmake)
[0.178s] -- Found rclcpp: 16.0.11 (/opt/ros/humble/share/rclcpp/cmake)
[0.200s] -- Found rosidl_generator_c: 3.1.6 (/opt/ros/humble/share/rosidl_generator_c/cmake)
[0.202s] -- Found rosidl_adapter: 3.1.6 (/opt/ros/humble/share/rosidl_adapter/cmake)
[0.208s] -- Found rosidl_generator_cpp: 3.1.6 (/opt/ros/humble/share/rosidl_generator_cpp/cmake)
[0.216s] -- Using all available rosidl_typesupport_c: rosidl_typesupport_fastrtps_c;rosidl_typesupport_introspection_c
[0.226s] -- Using all available rosidl_typesupport_cpp: rosidl_typesupport_fastrtps_cpp;rosidl_typesupport_introspection_cpp
[0.256s] -- Found rmw_implementation_cmake: 6.1.2 (/opt/ros/humble/share/rmw_implementation_cmake/cmake)
[0.264s] -- Found rmw_fastrtps_cpp: 6.2.7 (/opt/ros/humble/share/rmw_fastrtps_cpp/cmake)
[0.376s] -- Using RMW implementation 'rmw_fastrtps_cpp' as default
[0.487s] -- Configuring done
[0.493s] -- Generating done
[0.498s] -- Build files have been written to: /home/acy/ros2_ws/build/my_cpp_pkg
[0.539s] [35m[1mConsolidate compiler generated dependencies of target cpp_node[0m
[0.564s] [ 50%] [32mBuilding CXX object CMakeFiles/cpp_node.dir/src/my_first_node.cpp.o[0m
[3.917s] [100%] [32m[1mLinking CXX executable cpp_node[0m
[4.034s] [100%] Built target cpp_node
[4.060s] Invoked command in '/home/acy/ros2_ws/build/my_cpp_pkg' returned '0': CMAKE_PREFIX_PATH=${CMAKE_PREFIX_PATH}:/home/acy/ros2_ws/install/my_py_pkg:/opt/ros/humble /usr/bin/cmake --build /home/acy/ros2_ws/build/my_cpp_pkg -- -j2 -l2
[4.070s] Invoking command in '/home/acy/ros2_ws/build/my_cpp_pkg': CMAKE_PREFIX_PATH=${CMAKE_PREFIX_PATH}:/home/acy/ros2_ws/install/my_py_pkg:/opt/ros/humble /usr/bin/cmake --install /home/acy/ros2_ws/build/my_cpp_pkg
[4.081s] -- Install configuration: ""
[4.081s] -- Installing: /home/acy/ros2_ws/install/my_cpp_pkg/lib/my_cpp_pkg/cpp_node
[4.082s] -- Set runtime path of "/home/acy/ros2_ws/install/my_cpp_pkg/lib/my_cpp_pkg/cpp_node" to ""
[4.082s] -- Up-to-date: /home/acy/ros2_ws/install/my_cpp_pkg/share/ament_index/resource_index/package_run_dependencies/my_cpp_pkg
[4.082s] -- Up-to-date: /home/acy/ros2_ws/install/my_cpp_pkg/share/ament_index/resource_index/parent_prefix_path/my_cpp_pkg
[4.082s] -- Up-to-date: /home/acy/ros2_ws/install/my_cpp_pkg/share/my_cpp_pkg/environment/ament_prefix_path.sh
[4.082s] -- Installing: /home/acy/ros2_ws/install/my_cpp_pkg/share/my_cpp_pkg/environment/ament_prefix_path.dsv
[4.082s] -- Up-to-date: /home/acy/ros2_ws/install/my_cpp_pkg/share/my_cpp_pkg/environment/path.sh
[4.083s] -- Installing: /home/acy/ros2_ws/install/my_cpp_pkg/share/my_cpp_pkg/environment/path.dsv
[4.083s] -- Up-to-date: /home/acy/ros2_ws/install/my_cpp_pkg/share/my_cpp_pkg/local_setup.bash
[4.083s] -- Up-to-date: /home/acy/ros2_ws/install/my_cpp_pkg/share/my_cpp_pkg/local_setup.sh
[4.083s] -- Up-to-date: /home/acy/ros2_ws/install/my_cpp_pkg/share/my_cpp_pkg/local_setup.zsh
[4.083s] -- Installing: /home/acy/ros2_ws/install/my_cpp_pkg/share/my_cpp_pkg/local_setup.dsv
[4.083s] -- Installing: /home/acy/ros2_ws/install/my_cpp_pkg/share/my_cpp_pkg/package.dsv
[4.083s] -- Up-to-date: /home/acy/ros2_ws/install/my_cpp_pkg/share/ament_index/resource_index/packages/my_cpp_pkg
[4.083s] -- Up-to-date: /home/acy/ros2_ws/install/my_cpp_pkg/share/my_cpp_pkg/cmake/my_cpp_pkgConfig.cmake
[4.083s] -- Up-to-date: /home/acy/ros2_ws/install/my_cpp_pkg/share/my_cpp_pkg/cmake/my_cpp_pkgConfig-version.cmake
[4.084s] -- Up-to-date: /home/acy/ros2_ws/install/my_cpp_pkg/share/my_cpp_pkg/package.xml
[4.090s] Invoked command in '/home/acy/ros2_ws/build/my_cpp_pkg' returned '0': CMAKE_PREFIX_PATH=${CMAKE_PREFIX_PATH}:/home/acy/ros2_ws/install/my_py_pkg:/opt/ros/humble /usr/bin/cmake --install /home/acy/ros2_ws/build/my_cpp_pkg
