[0.019s] Invoking command in '/home/acy/ros2_ws/src/build/my_cpp_pkg': CMAKE_PREFIX_PATH=${CMAKE_PREFIX_PATH}:/home/acy/ros2_ws/install/my_py_pkg:/opt/ros/humble /usr/bin/cmake /home/acy/ros2_ws/src/my_cpp_pkg -DCMAKE_INSTALL_PREFIX=/home/acy/ros2_ws/src/install/my_cpp_pkg
[0.136s] -- The C compiler identification is GNU 11.4.0
[0.215s] -- The CXX compiler identification is GNU 11.4.0
[0.232s] -- Detecting C compiler ABI info
[0.306s] -- Detecting C compiler ABI info - done
[0.310s] -- Check for working C compiler: /usr/bin/cc - skipped
[0.311s] -- Detecting C compile features
[0.312s] -- Detecting C compile features - done
[0.315s] -- Detecting CXX compiler ABI info
[0.428s] -- Detecting CXX compiler ABI info - done
[0.428s] -- Check for working CXX compiler: /usr/bin/c++ - skipped
[0.428s] -- Detecting CXX compile features
[0.429s] -- Detecting CXX compile features - done
[0.432s] -- Found ament_cmake: 1.3.11 (/opt/ros/humble/share/ament_cmake/cmake)
[0.589s] -- Found Python3: /usr/bin/python3 (found version "3.10.12") found components: Interpreter 
[0.677s] -- Found rclcpp: 16.0.11 (/opt/ros/humble/share/rclcpp/cmake)
[0.704s] -- Found rosidl_generator_c: 3.1.6 (/opt/ros/humble/share/rosidl_generator_c/cmake)
[0.707s] -- Found rosidl_adapter: 3.1.6 (/opt/ros/humble/share/rosidl_adapter/cmake)
[0.714s] -- Found rosidl_generator_cpp: 3.1.6 (/opt/ros/humble/share/rosidl_generator_cpp/cmake)
[0.724s] -- Using all available rosidl_typesupport_c: rosidl_typesupport_fastrtps_c;rosidl_typesupport_introspection_c
[0.737s] -- Using all available rosidl_typesupport_cpp: rosidl_typesupport_fastrtps_cpp;rosidl_typesupport_introspection_cpp
[0.810s] -- Found rmw_implementation_cmake: 6.1.2 (/opt/ros/humble/share/rmw_implementation_cmake/cmake)
[0.810s] -- Found rmw_fastrtps_cpp: 6.2.7 (/opt/ros/humble/share/rmw_fastrtps_cpp/cmake)
[0.903s] -- Found OpenSSL: /usr/lib/x86_64-linux-gnu/libcrypto.so (found version "3.0.2")  
[0.927s] -- Found FastRTPS: /opt/ros/humble/include  
[0.970s] -- Using RMW implementation 'rmw_fastrtps_cpp' as default
[0.981s] -- Looking for pthread.h
[1.061s] -- Looking for pthread.h - found
[1.062s] -- Performing Test CMAKE_HAVE_LIBC_PTHREAD
[1.155s] -- Performing Test CMAKE_HAVE_LIBC_PTHREAD - Success
[1.155s] -- Found Threads: TRUE  
[1.261s] -- Configuring done
[1.270s] -- Generating done
[1.274s] -- Build files have been written to: /home/acy/ros2_ws/src/build/my_cpp_pkg
[1.292s] Invoked command in '/home/acy/ros2_ws/src/build/my_cpp_pkg' returned '0': CMAKE_PREFIX_PATH=${CMAKE_PREFIX_PATH}:/home/acy/ros2_ws/install/my_py_pkg:/opt/ros/humble /usr/bin/cmake /home/acy/ros2_ws/src/my_cpp_pkg -DCMAKE_INSTALL_PREFIX=/home/acy/ros2_ws/src/install/my_cpp_pkg
[1.293s] Invoking command in '/home/acy/ros2_ws/src/build/my_cpp_pkg': CMAKE_PREFIX_PATH=${CMAKE_PREFIX_PATH}:/home/acy/ros2_ws/install/my_py_pkg:/opt/ros/humble /usr/bin/cmake --build /home/acy/ros2_ws/src/build/my_cpp_pkg -- -j2 -l2
[1.351s] [ 50%] [32mBuilding CXX object CMakeFiles/cpp_node.dir/src/my_first_node.cpp.o[0m
[4.923s] [100%] [32m[1mLinking CXX executable cpp_node[0m
[5.024s] [100%] Built target cpp_node
[5.061s] Invoked command in '/home/acy/ros2_ws/src/build/my_cpp_pkg' returned '0': CMAKE_PREFIX_PATH=${CMAKE_PREFIX_PATH}:/home/acy/ros2_ws/install/my_py_pkg:/opt/ros/humble /usr/bin/cmake --build /home/acy/ros2_ws/src/build/my_cpp_pkg -- -j2 -l2
[5.076s] Invoking command in '/home/acy/ros2_ws/src/build/my_cpp_pkg': CMAKE_PREFIX_PATH=${CMAKE_PREFIX_PATH}:/home/acy/ros2_ws/install/my_py_pkg:/opt/ros/humble /usr/bin/cmake --install /home/acy/ros2_ws/src/build/my_cpp_pkg
[5.105s] -- Install configuration: ""
[5.105s] -- Installing: /home/acy/ros2_ws/src/install/my_cpp_pkg/lib/my_cpp_pkg/cpp_node
[5.105s] -- Set runtime path of "/home/acy/ros2_ws/src/install/my_cpp_pkg/lib/my_cpp_pkg/cpp_node" to ""
[5.105s] -- Installing: /home/acy/ros2_ws/src/install/my_cpp_pkg/share/ament_index/resource_index/package_run_dependencies/my_cpp_pkg
[5.105s] -- Installing: /home/acy/ros2_ws/src/install/my_cpp_pkg/share/ament_index/resource_index/parent_prefix_path/my_cpp_pkg
[5.106s] -- Installing: /home/acy/ros2_ws/src/install/my_cpp_pkg/share/my_cpp_pkg/environment/ament_prefix_path.sh
[5.106s] -- Installing: /home/acy/ros2_ws/src/install/my_cpp_pkg/share/my_cpp_pkg/environment/ament_prefix_path.dsv
[5.106s] -- Installing: /home/acy/ros2_ws/src/install/my_cpp_pkg/share/my_cpp_pkg/environment/path.sh
[5.106s] -- Installing: /home/acy/ros2_ws/src/install/my_cpp_pkg/share/my_cpp_pkg/environment/path.dsv
[5.106s] -- Installing: /home/acy/ros2_ws/src/install/my_cpp_pkg/share/my_cpp_pkg/local_setup.bash
[5.106s] -- Installing: /home/acy/ros2_ws/src/install/my_cpp_pkg/share/my_cpp_pkg/local_setup.sh
[5.106s] -- Installing: /home/acy/ros2_ws/src/install/my_cpp_pkg/share/my_cpp_pkg/local_setup.zsh
[5.106s] -- Installing: /home/acy/ros2_ws/src/install/my_cpp_pkg/share/my_cpp_pkg/local_setup.dsv
[5.106s] -- Installing: /home/acy/ros2_ws/src/install/my_cpp_pkg/share/my_cpp_pkg/package.dsv
[5.106s] -- Installing: /home/acy/ros2_ws/src/install/my_cpp_pkg/share/ament_index/resource_index/packages/my_cpp_pkg
[5.106s] -- Installing: /home/acy/ros2_ws/src/install/my_cpp_pkg/share/my_cpp_pkg/cmake/my_cpp_pkgConfig.cmake
[5.106s] -- Installing: /home/acy/ros2_ws/src/install/my_cpp_pkg/share/my_cpp_pkg/cmake/my_cpp_pkgConfig-version.cmake
[5.106s] -- Installing: /home/acy/ros2_ws/src/install/my_cpp_pkg/share/my_cpp_pkg/package.xml
[5.106s] Invoked command in '/home/acy/ros2_ws/src/build/my_cpp_pkg' returned '0': CMAKE_PREFIX_PATH=${CMAKE_PREFIX_PATH}:/home/acy/ros2_ws/install/my_py_pkg:/opt/ros/humble /usr/bin/cmake --install /home/acy/ros2_ws/src/build/my_cpp_pkg
